<?xml version="1.0" encoding="UTF-8"?>
<!-- Generated by org.testng.reporters.JUnitReportReporter -->
<testsuite name="com.epam.ftm.selenium.part2.firefox.MailRuTestFirefox" tests="7" time="35.360" ignored="0" failures="0" timestamp="06 Nov 2017 19:53:19 GMT" skipped="0" hostname="Tatsianas-MacBook-Air.local" errors="0">
  <testcase name="loginToMailRu" time="12.227" classname="com.epam.ftm.selenium.part2.firefox.MailRuTestFirefox"/>
  <testcase name="verifyMessageSent" time="0.431" classname="com.epam.ftm.selenium.part2.firefox.MailRuTestFirefox"/>
  <testcase name="verifyContent" time="13.111" classname="com.epam.ftm.selenium.part2.firefox.MailRuTestFirefox"/>
  <testcase name="saveDraft" time="1.166" classname="com.epam.ftm.selenium.part2.firefox.MailRuTestFirefox"/>
  <testcase name="signOut" time="1.708" classname="com.epam.ftm.selenium.part2.firefox.MailRuTestFirefox"/>
  <testcase name="draftExist" time="1.624" classname="com.epam.ftm.selenium.part2.firefox.MailRuTestFirefox"/>
  <testcase name="createLetter" time="5.093" classname="com.epam.ftm.selenium.part2.firefox.MailRuTestFirefox"/>
</testsuite> <!-- com.epam.ftm.selenium.part2.firefox.MailRuTestFirefox -->
