<?xml version="1.0" encoding="UTF-8"?>
<!-- Generated by org.testng.reporters.JUnitReportReporter -->
<testsuite name="com.epam.ftm.selenium.part3.chrome.MailRuTestChrome" tests="7" time="35.956" ignored="0" failures="0" timestamp="13 Nov 2017 21:00:29 GMT" skipped="0" hostname="Tatsianas-MacBook-Air.local" errors="0">
  <testcase name="saveDraft" time="1.413" classname="com.epam.ftm.selenium.part3.chrome.MailRuTestChrome"/>
  <testcase name="verifyContent" time="2.624" classname="com.epam.ftm.selenium.part3.chrome.MailRuTestChrome"/>
  <testcase name="signOut" time="2.830" classname="com.epam.ftm.selenium.part3.chrome.MailRuTestChrome"/>
  <testcase name="createLetter" time="25.872" classname="com.epam.ftm.selenium.part3.chrome.MailRuTestChrome"/>
  <testcase name="verifyMessageSent" time="0.204" classname="com.epam.ftm.selenium.part3.chrome.MailRuTestChrome"/>
  <testcase name="loginToMailRu" time="1.155" classname="com.epam.ftm.selenium.part3.chrome.MailRuTestChrome"/>
  <testcase name="draftExist" time="1.858" classname="com.epam.ftm.selenium.part3.chrome.MailRuTestChrome"/>
</testsuite> <!-- com.epam.ftm.selenium.part3.chrome.MailRuTestChrome -->
