<?xml version="1.0" encoding="UTF-8"?>
<!-- Generated by org.testng.reporters.JUnitReportReporter -->
<testsuite hostname="EPBYMINW0610" name="com.epam.ftm.demo2.chrome.YaMailTest" tests="2" failures="0" timestamp="15 Feb 2017 22:41:06 GMT" time="14.987" errors="0">
  <testcase name="composeMail" time="11.223" classname="com.epam.ftm.demo2.chrome.YaMailTest"/>
  <testcase name="loginToMailbox" time="3.764" classname="com.epam.ftm.demo2.chrome.YaMailTest"/>
</testsuite> <!-- com.epam.ftm.demo2.chrome.YaMailTest -->
