<?xml version="1.0" encoding="UTF-8"?>
<!-- Generated by org.testng.reporters.JUnitReportReporter -->
<testsuite name="com.epam.ftm.demo2.chrome.GitHubTest" tests="1" time="2.951" ignored="0" failures="0" timestamp="30 Oct 2017 17:22:32 GMT" skipped="0" hostname="Tatsianas-MacBook-Air.local" errors="0">
  <testcase name="loginToGithub" time="2.951" classname="com.epam.ftm.demo2.chrome.GitHubTest"/>
</testsuite> <!-- com.epam.ftm.demo2.chrome.GitHubTest -->
