<?xml version="1.0" encoding="UTF-8"?>
<!-- Generated by org.testng.reporters.JUnitReportReporter -->
<testsuite name="com.epam.ftm.selenium.part2.chrome.MailRuTestChrome" tests="7" time="25.934" ignored="0" failures="0" timestamp="13 Nov 2017 20:45:19 GMT" skipped="0" hostname="Tatsianas-MacBook-Air.local" errors="0">
  <testcase name="signOut" time="2.202" classname="com.epam.ftm.selenium.part2.chrome.MailRuTestChrome"/>
  <testcase name="loginToMailRu" time="0.761" classname="com.epam.ftm.selenium.part2.chrome.MailRuTestChrome"/>
  <testcase name="verifyContent" time="1.879" classname="com.epam.ftm.selenium.part2.chrome.MailRuTestChrome"/>
  <testcase name="saveDraft" time="0.743" classname="com.epam.ftm.selenium.part2.chrome.MailRuTestChrome"/>
  <testcase name="createLetter" time="18.849" classname="com.epam.ftm.selenium.part2.chrome.MailRuTestChrome"/>
  <testcase name="draftExist" time="1.154" classname="com.epam.ftm.selenium.part2.chrome.MailRuTestChrome"/>
  <testcase name="verifyMessageSent" time="0.346" classname="com.epam.ftm.selenium.part2.chrome.MailRuTestChrome"/>
</testsuite> <!-- com.epam.ftm.selenium.part2.chrome.MailRuTestChrome -->
