<?xml version="1.0" encoding="UTF-8"?>
<!-- Generated by org.testng.reporters.JUnitReportReporter -->
<testsuite name="com.epam.ftm.demo2.firefox.GitHubTest" tests="1" time="8.181" ignored="0" failures="0" timestamp="25 Oct 2017 14:51:59 GMT" skipped="0" hostname="EPBYMINW0610" errors="0">
  <testcase name="loginToGithub" time="8.181" classname="com.epam.ftm.demo2.firefox.GitHubTest"/>
</testsuite> <!-- com.epam.ftm.demo2.firefox.GitHubTest -->
