<?xml version="1.0" encoding="UTF-8"?>
<!-- Generated by org.testng.reporters.JUnitReportReporter -->
<testsuite name="com.epam.ftm.selenium.part2.firefox.NewTest" tests="2" time="10.015" ignored="0" failures="0" timestamp="03 Nov 2017 04:45:30 GMT" skipped="0" hostname="Tatsianas-MacBook-Air.local" errors="0">
  <testcase name="loginToGmail" time="8.470" classname="com.epam.ftm.selenium.part2.firefox.NewTest"/>
  <testcase name="createLetter" time="1.545" classname="com.epam.ftm.selenium.part2.firefox.NewTest"/>
</testsuite> <!-- com.epam.ftm.selenium.part2.firefox.NewTest -->
