<?xml version="1.0" encoding="UTF-8"?>
<!-- Generated by org.testng.reporters.JUnitReportReporter -->
<testsuite name="com.epam.ftm.selenium.part2.chrome.MailRuTestChrome" tests="7" time="34.071" ignored="0" failures="0" timestamp="07 Nov 2017 06:21:42 GMT" skipped="0" hostname="Tatsianas-MacBook-Air.local" errors="0">
  <testcase name="verifyContent" time="2.506" classname="com.epam.ftm.selenium.part2.chrome.MailRuTestChrome"/>
  <testcase name="loginToMailRu" time="11.366" classname="com.epam.ftm.selenium.part2.chrome.MailRuTestChrome"/>
  <testcase name="createLetter" time="15.192" classname="com.epam.ftm.selenium.part2.chrome.MailRuTestChrome"/>
  <testcase name="verifyMessageSent" time="0.286" classname="com.epam.ftm.selenium.part2.chrome.MailRuTestChrome"/>
  <testcase name="draftExist" time="1.368" classname="com.epam.ftm.selenium.part2.chrome.MailRuTestChrome"/>
  <testcase name="saveDraft" time="0.816" classname="com.epam.ftm.selenium.part2.chrome.MailRuTestChrome"/>
  <testcase name="signOut" time="2.537" classname="com.epam.ftm.selenium.part2.chrome.MailRuTestChrome"/>
</testsuite> <!-- com.epam.ftm.selenium.part2.chrome.MailRuTestChrome -->
